[    13.321] 
X.Org X Server 1.19.3
Release Date: 2017-03-15
[    13.321] X Protocol Version 11, Revision 0
[    13.321] Build Operating System:  3.10.0-514.16.1.el7.x86_64 
[    13.321] Current Operating System: Linux openshiftrunner1 3.10.0-693.el7.x86_64 #1 SMP Tue Aug 22 21:09:27 UTC 2017 x86_64
[    13.321] Kernel command line: BOOT_IMAGE=/vmlinuz-3.10.0-693.el7.x86_64 root=/dev/mapper/centos-root ro crashkernel=auto rd.lvm.lv=centos/root rd.lvm.lv=centos/swap rhgb quiet LANG=es_CL.UTF-8
[    13.321] Build Date: 05 August 2017  06:19:43AM
[    13.321] Build ID: xorg-x11-server 1.19.3-11.el7 
[    13.322] Current version of pixman: 0.34.0
[    13.322] 	Before reporting problems, check http://wiki.x.org
	to make sure that you have the latest version.
[    13.322] Markers: (--) probed, (**) from config file, (==) default setting,
	(++) from command line, (!!) notice, (II) informational,
	(WW) warning, (EE) error, (NI) not implemented, (??) unknown.
[    13.322] (==) Log file: "/var/log/Xorg.9.log", Time: Sat Jul  4 23:25:09 2020
[    13.323] (==) Using config directory: "/etc/X11/xorg.conf.d"
[    13.358] (==) Using system config directory "/usr/share/X11/xorg.conf.d"
[    13.564] (==) No Layout section.  Using the first Screen section.
[    13.564] (==) No screen section available. Using defaults.
[    13.564] (**) |-->Screen "Default Screen Section" (0)
[    13.564] (**) |   |-->Monitor "<default monitor>"
[    13.564] (==) No monitor specified for screen "Default Screen Section".
	Using a default monitor configuration.
[    13.564] (==) Automatically adding devices
[    13.564] (==) Automatically enabling devices
[    13.564] (==) Automatically adding GPU devices
[    13.564] (==) Automatically binding GPU devices
[    13.564] (==) Max clients allowed: 256, resource mask: 0x1fffff
[    13.564] (==) FontPath set to:
	catalogue:/etc/X11/fontpath.d,
	built-ins
[    13.564] (==) ModulePath set to "/usr/lib64/xorg/modules"
[    13.564] (II) The server relies on udev to provide the list of input devices.
	If no devices become available, reconfigure udev or disable AutoAddDevices.
[    13.564] (II) Loader magic: 0x555a0ab5b020
[    13.564] (II) Module ABI versions:
[    13.564] 	X.Org ANSI C Emulation: 0.4
[    13.564] 	X.Org Video Driver: 23.0
[    13.564] 	X.Org XInput driver : 24.1
[    13.564] 	X.Org Server Extension : 10.0
[    13.566] (II) xfree86: Adding drm device (/dev/dri/card0)
[    13.708] (--) PCI:*(0:0:15:0) 15ad:0405:15ad:0405 rev 0, Mem @ 0xe8000000/134217728, 0xfe000000/8388608, I/O @ 0x00001070/16, BIOS @ 0x????????/32768
[    13.708] (II) LoadModule: "glx"
[    13.719] (II) Loading /usr/lib64/xorg/modules/extensions/libglx.so
[    14.666] (II) Module glx: vendor="X.Org Foundation"
[    14.666] 	compiled for 1.19.3, module version = 1.0.0
[    14.667] 	ABI class: X.Org Server Extension, version 10.0
[    14.667] (==) Matched vmware as autoconfigured driver 0
[    14.667] (==) Matched vmware as autoconfigured driver 1
[    14.667] (==) Matched modesetting as autoconfigured driver 2
[    14.667] (==) Matched fbdev as autoconfigured driver 3
[    14.667] (==) Matched vesa as autoconfigured driver 4
[    14.667] (==) Assigned the driver to the xf86ConfigLayout
[    14.667] (II) LoadModule: "vmware"
[    14.667] (II) Loading /usr/lib64/xorg/modules/drivers/vmware_drv.so
[    17.511] (II) Module vmware: vendor="X.Org Foundation"
[    17.511] 	compiled for 1.19.3, module version = 13.2.1
[    17.511] 	Module class: X.Org Video Driver
[    17.511] 	ABI class: X.Org Video Driver, version 23.0
[    17.511] (II) LoadModule: "modesetting"
[    17.512] (II) Loading /usr/lib64/xorg/modules/drivers/modesetting_drv.so
[    17.523] (II) Module modesetting: vendor="X.Org Foundation"
[    17.523] 	compiled for 1.19.3, module version = 1.19.3
[    17.523] 	Module class: X.Org Video Driver
[    17.523] 	ABI class: X.Org Video Driver, version 23.0
[    17.523] (II) LoadModule: "fbdev"
[    17.571] (II) Loading /usr/lib64/xorg/modules/drivers/fbdev_drv.so
[    17.672] (II) Module fbdev: vendor="X.Org Foundation"
[    17.672] 	compiled for 1.19.3, module version = 0.4.3
[    17.672] 	Module class: X.Org Video Driver
[    17.672] 	ABI class: X.Org Video Driver, version 23.0
[    17.672] (II) LoadModule: "vesa"
[    17.672] (II) Loading /usr/lib64/xorg/modules/drivers/vesa_drv.so
[    17.717] (II) Module vesa: vendor="X.Org Foundation"
[    17.717] 	compiled for 1.19.3, module version = 2.3.2
[    17.717] 	Module class: X.Org Video Driver
[    17.717] 	ABI class: X.Org Video Driver, version 23.0
[    17.717] (II) vmware: driver for VMware SVGA: vmware0405, vmware0710
[    17.717] (II) modesetting: Driver for Modesetting Kernel Drivers: kms
[    17.717] (II) FBDEV: driver for framebuffer: fbdev
[    17.717] (II) VESA: driver for VESA chipsets: vesa
[    17.718] (--) using VT number 2

[    17.720] (WW) Falling back to old probe method for modesetting
[    17.758] (WW) Falling back to old probe method for fbdev
[    17.758] (II) Loading sub module "fbdevhw"
[    17.758] (II) LoadModule: "fbdevhw"
[    17.767] (II) Loading /usr/lib64/xorg/modules/libfbdevhw.so
[    17.863] (II) Module fbdevhw: vendor="X.Org Foundation"
[    17.863] 	compiled for 1.19.3, module version = 0.0.2
[    17.863] 	ABI class: X.Org Video Driver, version 23.0
[    17.863] (WW) Falling back to old probe method for vesa
[    17.863] (II) vmware(0): Creating default Display subsection in Screen section
	"Default Screen Section" for depth/fbbpp 24/32
[    17.866] (--) vmware(0): DRM driver version is 2.12.0
[    17.866] (==) vmware(0): Depth 24, (--) framebuffer bpp 32
[    17.866] (==) vmware(0): RGB weight 888
[    17.866] (==) vmware(0): Default visual is TrueColor
[    17.866] (--) vmware(0): Min width 1, Max Width 4096.
[    17.866] (--) vmware(0): Min height 1, Max Height 4096.
[    17.866] (II) vmware(0): Output Virtual1 has no monitor section
[    17.866] (II) vmware(0): Output Virtual2 has no monitor section
[    17.866] (II) vmware(0): Output Virtual3 has no monitor section
[    17.866] (II) vmware(0): Output Virtual4 has no monitor section
[    17.866] (II) vmware(0): Output Virtual5 has no monitor section
[    17.866] (II) vmware(0): Output Virtual6 has no monitor section
[    17.866] (II) vmware(0): Output Virtual7 has no monitor section
[    17.866] (II) vmware(0): Output Virtual8 has no monitor section
[    17.866] (II) vmware(0): Printing probed modes for output Virtual1
[    17.866] (II) vmware(0): Modeline "800x600"x60.0   42.75  800 850 900 950  600 650 700 750 -hsync +vsync (45.0 kHz eP)
[    17.866] (II) vmware(0): Modeline "1360x768"x60.0   85.50  1360 1424 1536 1792  768 771 777 795 +hsync +vsync (47.7 kHz e)
[    17.866] (II) vmware(0): Modeline "1280x800"x59.8   83.50  1280 1352 1480 1680  800 803 809 831 +hsync -vsync (49.7 kHz e)
[    17.866] (II) vmware(0): Modeline "1152x864"x75.0  108.00  1152 1216 1344 1600  864 865 868 900 +hsync +vsync (67.5 kHz e)
[    17.866] (II) vmware(0): Modeline "1280x768"x59.9   79.50  1280 1344 1472 1664  768 771 778 798 -hsync +vsync (47.8 kHz e)
[    17.866] (II) vmware(0): Modeline "1024x768"x60.0   65.00  1024 1048 1184 1344  768 771 777 806 -hsync -vsync (48.4 kHz e)
[    17.866] (II) vmware(0): Modeline "800x600"x60.3   40.00  800 840 968 1056  600 601 605 628 +hsync +vsync (37.9 kHz e)
[    17.867] (II) vmware(0): Modeline "640x480"x59.9   25.18  640 656 752 800  480 489 492 525 -hsync -vsync (31.5 kHz e)
[    17.867] (II) vmware(0): EDID for output Virtual2
[    17.867] (II) vmware(0): EDID for output Virtual3
[    17.867] (II) vmware(0): EDID for output Virtual4
[    17.867] (II) vmware(0): EDID for output Virtual5
[    17.867] (II) vmware(0): EDID for output Virtual6
[    17.867] (II) vmware(0): EDID for output Virtual7
[    17.867] (II) vmware(0): EDID for output Virtual8
[    17.867] (II) vmware(0): Output Virtual1 connected
[    17.867] (II) vmware(0): Output Virtual2 disconnected
[    17.867] (II) vmware(0): Output Virtual3 disconnected
[    17.867] (II) vmware(0): Output Virtual4 disconnected
[    17.867] (II) vmware(0): Output Virtual5 disconnected
[    17.867] (II) vmware(0): Output Virtual6 disconnected
[    17.867] (II) vmware(0): Output Virtual7 disconnected
[    17.867] (II) vmware(0): Output Virtual8 disconnected
[    17.867] (II) vmware(0): Using exact sizes for initial modes
[    17.867] (II) vmware(0): Output Virtual1 using initial mode 800x600 +0+0
[    17.867] (==) vmware(0): DPI set to (96, 96)
[    17.867] (==) vmware(0): Using gamma correction (1.0, 1.0, 1.0)
[    17.867] (II) Loading sub module "fb"
[    17.867] (II) LoadModule: "fb"
[    17.867] (II) Loading /usr/lib64/xorg/modules/libfb.so
[    18.011] (II) Module fb: vendor="X.Org Foundation"
[    18.011] 	compiled for 1.19.3, module version = 1.0.0
[    18.011] 	ABI class: X.Org ANSI C Emulation, version 0.4
[    18.011] (II) Loading sub module "dri2"
[    18.011] (II) LoadModule: "dri2"
[    18.011] (II) Module "dri2" already built-in
[    18.011] (II) UnloadModule: "modesetting"
[    18.011] (II) Unloading modesetting
[    18.011] (II) UnloadModule: "fbdev"
[    18.011] (II) Unloading fbdev
[    18.011] (II) UnloadSubModule: "fbdevhw"
[    18.011] (II) Unloading fbdevhw
[    18.011] (II) UnloadModule: "vesa"
[    18.011] (II) Unloading vesa
[    18.011] (==) Depth 24 pixmap format is 32 bpp
[    18.013] (II) vmware(0): Initialized VMWARE_CTRL extension version 0.2
[    18.042] (WW) vmware(0): Failed to initialize Gallium3D Xa. No render acceleration available.
[    18.043] (WW) vmware(0): Skipped initialization of direct rendering due to lack of render acceleration.
[    18.043] (--) vmware(0): Render acceleration is disabled.
[    18.043] (==) vmware(0): Rendercheck mode is disabled.
[    18.043] (--) vmware(0): Direct rendering (3D) is disabled.
[    18.043] (==) vmware(0): Backing store enabled
[    18.043] (==) vmware(0): Silken mouse enabled
[    18.046] (II) vmware(0): RandR 1.2 enabled, ignore the following RandR disabled message.
[    18.062] (==) vmware(0): DPMS enabled
[    18.062] (II) vmware(0): No 3D acceleration. Not setting up textured video.
[    18.062] (--) RandR disabled
[    18.071] (II) SELinux: Disabled by boolean
[    18.072] (II) AIGLX: Screen 0 is not DRI2 capable
[    18.072] (EE) AIGLX: reverting to software rendering
[    18.663] (II) IGLX: enabled GLX_MESA_copy_sub_buffer
[    18.664] (II) IGLX: Loaded and initialized swrast
[    18.665] (II) GLX: Initialized DRISWRAST GL provider for screen 0
[    18.673] (II) vmware(0): Setting screen physical size to 211 x 158
[    19.208] (II) config/udev: Adding input device Power Button (/dev/input/event0)
[    19.208] (**) Power Button: Applying InputClass "evdev keyboard catchall"
[    19.208] (**) Power Button: Applying InputClass "system-keyboard"
[    19.208] (II) LoadModule: "evdev"
[    19.208] (II) Loading /usr/lib64/xorg/modules/input/evdev_drv.so
[    19.242] (II) Module evdev: vendor="X.Org Foundation"
[    19.242] 	compiled for 1.19.3, module version = 2.10.5
[    19.242] 	Module class: X.Org XInput Driver
[    19.242] 	ABI class: X.Org XInput driver, version 24.1
[    19.242] (II) Using input driver 'evdev' for 'Power Button'
[    19.242] (**) Power Button: always reports core events
[    19.242] (**) evdev: Power Button: Device: "/dev/input/event0"
[    19.242] (--) evdev: Power Button: Vendor 0 Product 0x1
[    19.242] (--) evdev: Power Button: Found keys
[    19.242] (II) evdev: Power Button: Configuring as keyboard
[    19.242] (**) Option "config_info" "udev:/sys/devices/LNXSYSTM:00/LNXPWRBN:00/input/input0/event0"
[    19.242] (II) XINPUT: Adding extended input device "Power Button" (type: KEYBOARD, id 6)
[    19.242] (**) Option "xkb_rules" "evdev"
[    19.242] (**) Option "xkb_layout" "latam"
[    19.283] (II) config/udev: Adding input device AT Translated Set 2 keyboard (/dev/input/event1)
[    19.283] (**) AT Translated Set 2 keyboard: Applying InputClass "evdev keyboard catchall"
[    19.284] (**) AT Translated Set 2 keyboard: Applying InputClass "system-keyboard"
[    19.284] (II) Using input driver 'evdev' for 'AT Translated Set 2 keyboard'
[    19.284] (**) AT Translated Set 2 keyboard: always reports core events
[    19.284] (**) evdev: AT Translated Set 2 keyboard: Device: "/dev/input/event1"
[    19.284] (--) evdev: AT Translated Set 2 keyboard: Vendor 0x1 Product 0x1
[    19.284] (--) evdev: AT Translated Set 2 keyboard: Found keys
[    19.284] (II) evdev: AT Translated Set 2 keyboard: Configuring as keyboard
[    19.284] (**) Option "config_info" "udev:/sys/devices/platform/i8042/serio0/input/input1/event1"
[    19.284] (II) XINPUT: Adding extended input device "AT Translated Set 2 keyboard" (type: KEYBOARD, id 7)
[    19.284] (**) Option "xkb_rules" "evdev"
[    19.284] (**) Option "xkb_layout" "latam"
[    19.285] (II) config/udev: Adding input device VirtualPS/2 VMware VMMouse (/dev/input/event2)
[    19.285] (**) VirtualPS/2 VMware VMMouse: Applying InputClass "evdev pointer catchall"
[    19.285] (II) Using input driver 'evdev' for 'VirtualPS/2 VMware VMMouse'
[    19.285] (**) VirtualPS/2 VMware VMMouse: always reports core events
[    19.285] (**) evdev: VirtualPS/2 VMware VMMouse: Device: "/dev/input/event2"
[    19.285] (--) evdev: VirtualPS/2 VMware VMMouse: Vendor 0x2 Product 0x12
[    19.285] (--) evdev: VirtualPS/2 VMware VMMouse: Found 3 mouse buttons
[    19.285] (--) evdev: VirtualPS/2 VMware VMMouse: Found absolute axes
[    19.285] (--) evdev: VirtualPS/2 VMware VMMouse: Found x and y absolute axes
[    19.285] (--) evdev: VirtualPS/2 VMware VMMouse: Found absolute touchscreen
[    19.285] (II) evdev: VirtualPS/2 VMware VMMouse: Configuring as touchscreen
[    19.285] (**) evdev: VirtualPS/2 VMware VMMouse: YAxisMapping: buttons 4 and 5
[    19.285] (**) evdev: VirtualPS/2 VMware VMMouse: EmulateWheelButton: 4, EmulateWheelInertia: 10, EmulateWheelTimeout: 200
[    19.285] (**) Option "config_info" "udev:/sys/devices/platform/i8042/serio1/input/input2/event2"
[    19.285] (II) XINPUT: Adding extended input device "VirtualPS/2 VMware VMMouse" (type: TOUCHSCREEN, id 8)
[    19.285] (II) evdev: VirtualPS/2 VMware VMMouse: initialized for absolute axes.
[    19.285] (**) VirtualPS/2 VMware VMMouse: (accel) keeping acceleration scheme 1
[    19.285] (**) VirtualPS/2 VMware VMMouse: (accel) acceleration profile 0
[    19.286] (**) VirtualPS/2 VMware VMMouse: (accel) acceleration factor: 2.000
[    19.286] (**) VirtualPS/2 VMware VMMouse: (accel) acceleration threshold: 4
[    19.286] (II) config/udev: Adding input device VirtualPS/2 VMware VMMouse (/dev/input/js0)
[    19.286] (II) No input driver specified, ignoring this device.
[    19.286] (II) This device may have been added with another device file.
[    19.286] (II) config/udev: Adding input device VirtualPS/2 VMware VMMouse (/dev/input/mouse0)
[    19.286] (II) No input driver specified, ignoring this device.
[    19.286] (II) This device may have been added with another device file.
[    19.287] (II) config/udev: Adding input device VirtualPS/2 VMware VMMouse (/dev/input/event3)
[    19.287] (**) VirtualPS/2 VMware VMMouse: Applying InputClass "evdev pointer catchall"
[    19.287] (II) Using input driver 'evdev' for 'VirtualPS/2 VMware VMMouse'
[    19.287] (**) VirtualPS/2 VMware VMMouse: always reports core events
[    19.287] (**) evdev: VirtualPS/2 VMware VMMouse: Device: "/dev/input/event3"
[    19.287] (--) evdev: VirtualPS/2 VMware VMMouse: Vendor 0x2 Product 0x12
[    19.287] (--) evdev: VirtualPS/2 VMware VMMouse: Found 3 mouse buttons
[    19.287] (--) evdev: VirtualPS/2 VMware VMMouse: Found scroll wheel(s)
[    19.287] (--) evdev: VirtualPS/2 VMware VMMouse: Found relative axes
[    19.287] (--) evdev: VirtualPS/2 VMware VMMouse: Found x and y relative axes
[    19.287] (II) evdev: VirtualPS/2 VMware VMMouse: Configuring as mouse
[    19.287] (II) evdev: VirtualPS/2 VMware VMMouse: Adding scrollwheel support
[    19.287] (**) evdev: VirtualPS/2 VMware VMMouse: YAxisMapping: buttons 4 and 5
[    19.287] (**) evdev: VirtualPS/2 VMware VMMouse: EmulateWheelButton: 4, EmulateWheelInertia: 10, EmulateWheelTimeout: 200
[    19.287] (**) Option "config_info" "udev:/sys/devices/platform/i8042/serio1/input/input3/event3"
[    19.287] (II) XINPUT: Adding extended input device "VirtualPS/2 VMware VMMouse" (type: MOUSE, id 9)
[    19.287] (II) evdev: VirtualPS/2 VMware VMMouse: initialized for relative axes.
[    19.287] (**) VirtualPS/2 VMware VMMouse: (accel) keeping acceleration scheme 1
[    19.287] (**) VirtualPS/2 VMware VMMouse: (accel) acceleration profile 0
[    19.287] (**) VirtualPS/2 VMware VMMouse: (accel) acceleration factor: 2.000
[    19.287] (**) VirtualPS/2 VMware VMMouse: (accel) acceleration threshold: 4
[    19.288] (II) config/udev: Adding input device VirtualPS/2 VMware VMMouse (/dev/input/mouse1)
[    19.288] (II) No input driver specified, ignoring this device.
[    19.288] (II) This device may have been added with another device file.
[    19.288] (II) config/udev: Adding input device PC Speaker (/dev/input/event4)
[    19.288] (II) No input driver specified, ignoring this device.
[    19.288] (II) This device may have been added with another device file.
[    60.480] (II) evdev: VirtualPS/2 VMware VMMouse: Close
[    60.480] (II) UnloadModule: "evdev"
[    60.480] (II) evdev: VirtualPS/2 VMware VMMouse: Close
[    60.480] (II) UnloadModule: "evdev"
[    60.480] (II) evdev: AT Translated Set 2 keyboard: Close
[    60.480] (II) UnloadModule: "evdev"
[    60.480] (II) evdev: Power Button: Close
[    60.480] (II) UnloadModule: "evdev"
[    60.498] (II) Server terminated successfully (0). Closing log file.
