[    22.920] (WW) Failed to open protocol names file /usr/lib64/xorg/protocol.txt
[    22.923] 
X.Org X Server 1.19.3
Release Date: 2017-03-15
[    22.924] X Protocol Version 11, Revision 0
[    22.924] Build Operating System:  3.10.0-514.16.1.el7.x86_64 
[    22.924] Current Operating System: Linux localhost 3.10.0-693.el7.x86_64 #1 SMP Tue Aug 22 21:09:27 UTC 2017 x86_64
[    22.924] Kernel command line: initrd=initrd.img inst.stage2=hd:LABEL=CentOS\x207\x20x86_64 quiet BOOT_IMAGE=vmlinuz 
[    22.924] Build Date: 05 August 2017  06:19:43AM
[    22.924] Build ID: xorg-x11-server 1.19.3-11.el7 
[    22.924] Current version of pixman: 0.34.0
[    22.924] 	Before reporting problems, check http://wiki.x.org
	to make sure that you have the latest version.
[    22.924] Markers: (--) probed, (**) from config file, (==) default setting,
	(++) from command line, (!!) notice, (II) informational,
	(WW) warning, (EE) error, (NI) not implemented, (??) unknown.
[    22.925] (++) Log file: "/tmp/X.log", Time: Sun Jul  5 03:09:27 2020
[    22.942] (==) Using config directory: "/etc/X11/xorg.conf.d"
[    22.942] (==) Using system config directory "/usr/share/X11/xorg.conf.d"
[    22.988] (==) No Layout section.  Using the first Screen section.
[    22.988] (==) No screen section available. Using defaults.
[    22.988] (**) |-->Screen "Default Screen Section" (0)
[    22.988] (**) |   |-->Monitor "<default monitor>"
[    22.988] (==) No monitor specified for screen "Default Screen Section".
	Using a default monitor configuration.
[    22.988] (==) Automatically adding devices
[    22.988] (==) Automatically enabling devices
[    22.988] (==) Automatically adding GPU devices
[    22.988] (==) Automatically binding GPU devices
[    22.988] (==) Max clients allowed: 256, resource mask: 0x1fffff
[    22.988] (==) FontPath set to:
	catalogue:/etc/X11/fontpath.d,
	built-ins
[    22.988] (==) ModulePath set to "/usr/lib64/xorg/modules"
[    22.988] (II) The server relies on udev to provide the list of input devices.
	If no devices become available, reconfigure udev or disable AutoAddDevices.
[    22.988] (II) Loader magic: 0x564afd2c2020
[    22.988] (II) Module ABI versions:
[    22.988] 	X.Org ANSI C Emulation: 0.4
[    22.988] 	X.Org Video Driver: 23.0
[    22.988] 	X.Org XInput driver : 24.1
[    22.988] 	X.Org Server Extension : 10.0
[    22.991] (II) xfree86: Adding drm device (/dev/dri/card0)
[    23.015] (--) PCI:*(0:0:15:0) 15ad:0405:15ad:0405 rev 0, Mem @ 0xe8000000/134217728, 0xfe000000/8388608, I/O @ 0x00001070/16, BIOS @ 0x????????/32768
[    23.015] (II) LoadModule: "glx"
[    23.018] (II) Loading /usr/lib64/xorg/modules/extensions/libglx.so
[    23.230] (II) Module glx: vendor="X.Org Foundation"
[    23.230] 	compiled for 1.19.3, module version = 1.0.0
[    23.230] 	ABI class: X.Org Server Extension, version 10.0
[    23.230] (==) Matched vmware as autoconfigured driver 0
[    23.230] (==) Matched vmware as autoconfigured driver 1
[    23.230] (==) Matched modesetting as autoconfigured driver 2
[    23.230] (==) Matched fbdev as autoconfigured driver 3
[    23.230] (==) Matched vesa as autoconfigured driver 4
[    23.230] (==) Assigned the driver to the xf86ConfigLayout
[    23.230] (II) LoadModule: "vmware"
[    23.230] (II) Loading /usr/lib64/xorg/modules/drivers/vmware_drv.so
[    24.199] (II) Module vmware: vendor="X.Org Foundation"
[    24.199] 	compiled for 1.19.3, module version = 13.2.1
[    24.199] 	Module class: X.Org Video Driver
[    24.199] 	ABI class: X.Org Video Driver, version 23.0
[    24.199] (II) LoadModule: "modesetting"
[    24.199] (II) Loading /usr/lib64/xorg/modules/drivers/modesetting_drv.so
[    24.229] (II) Module modesetting: vendor="X.Org Foundation"
[    24.229] 	compiled for 1.19.3, module version = 1.19.3
[    24.229] 	Module class: X.Org Video Driver
[    24.229] 	ABI class: X.Org Video Driver, version 23.0
[    24.229] (II) LoadModule: "fbdev"
[    24.230] (II) Loading /usr/lib64/xorg/modules/drivers/fbdev_drv.so
[    24.230] (II) Module fbdev: vendor="X.Org Foundation"
[    24.230] 	compiled for 1.19.3, module version = 0.4.3
[    24.230] 	Module class: X.Org Video Driver
[    24.230] 	ABI class: X.Org Video Driver, version 23.0
[    24.230] (II) LoadModule: "vesa"
[    24.230] (II) Loading /usr/lib64/xorg/modules/drivers/vesa_drv.so
[    24.231] (II) Module vesa: vendor="X.Org Foundation"
[    24.231] 	compiled for 1.19.3, module version = 2.3.2
[    24.231] 	Module class: X.Org Video Driver
[    24.231] 	ABI class: X.Org Video Driver, version 23.0
[    24.231] (II) vmware: driver for VMware SVGA: vmware0405, vmware0710
[    24.231] (II) modesetting: Driver for Modesetting Kernel Drivers: kms
[    24.231] (II) FBDEV: driver for framebuffer: fbdev
[    24.231] (II) VESA: driver for VESA chipsets: vesa
[    24.231] (++) using VT number 6

[    24.234] (WW) Falling back to old probe method for modesetting
[    24.238] (WW) Falling back to old probe method for fbdev
[    24.238] (II) Loading sub module "fbdevhw"
[    24.238] (II) LoadModule: "fbdevhw"
[    24.238] (II) Loading /usr/lib64/xorg/modules/libfbdevhw.so
[    24.249] (II) Module fbdevhw: vendor="X.Org Foundation"
[    24.249] 	compiled for 1.19.3, module version = 0.0.2
[    24.249] 	ABI class: X.Org Video Driver, version 23.0
[    24.249] (WW) Falling back to old probe method for vesa
[    24.249] (II) vmware(0): Creating default Display subsection in Screen section
	"Default Screen Section" for depth/fbbpp 24/32
[    24.253] (--) vmware(0): DRM driver version is 2.12.0
[    24.253] (==) vmware(0): Depth 24, (--) framebuffer bpp 32
[    24.253] (==) vmware(0): RGB weight 888
[    24.253] (==) vmware(0): Default visual is TrueColor
[    24.253] (--) vmware(0): Min width 1, Max Width 4096.
[    24.253] (--) vmware(0): Min height 1, Max Height 4096.
[    24.253] (II) vmware(0): Output Virtual1 has no monitor section
[    24.253] (II) vmware(0): Output Virtual2 has no monitor section
[    24.253] (II) vmware(0): Output Virtual3 has no monitor section
[    24.253] (II) vmware(0): Output Virtual4 has no monitor section
[    24.253] (II) vmware(0): Output Virtual5 has no monitor section
[    24.253] (II) vmware(0): Output Virtual6 has no monitor section
[    24.253] (II) vmware(0): Output Virtual7 has no monitor section
[    24.253] (II) vmware(0): Output Virtual8 has no monitor section
[    24.253] (II) vmware(0): Printing probed modes for output Virtual1
[    24.253] (II) vmware(0): Modeline "800x600"x60.0   42.75  800 850 900 950  600 650 700 750 -hsync +vsync (45.0 kHz eP)
[    24.253] (II) vmware(0): Modeline "1360x768"x60.0   85.50  1360 1424 1536 1792  768 771 777 795 +hsync +vsync (47.7 kHz e)
[    24.253] (II) vmware(0): Modeline "1280x800"x59.8   83.50  1280 1352 1480 1680  800 803 809 831 +hsync -vsync (49.7 kHz e)
[    24.253] (II) vmware(0): Modeline "1152x864"x75.0  108.00  1152 1216 1344 1600  864 865 868 900 +hsync +vsync (67.5 kHz e)
[    24.253] (II) vmware(0): Modeline "1280x768"x59.9   79.50  1280 1344 1472 1664  768 771 778 798 -hsync +vsync (47.8 kHz e)
[    24.253] (II) vmware(0): Modeline "1024x768"x60.0   65.00  1024 1048 1184 1344  768 771 777 806 -hsync -vsync (48.4 kHz e)
[    24.253] (II) vmware(0): Modeline "800x600"x60.3   40.00  800 840 968 1056  600 601 605 628 +hsync +vsync (37.9 kHz e)
[    24.253] (II) vmware(0): Modeline "640x480"x59.9   25.18  640 656 752 800  480 489 492 525 -hsync -vsync (31.5 kHz e)
[    24.253] (II) vmware(0): EDID for output Virtual2
[    24.253] (II) vmware(0): EDID for output Virtual3
[    24.253] (II) vmware(0): EDID for output Virtual4
[    24.253] (II) vmware(0): EDID for output Virtual5
[    24.253] (II) vmware(0): EDID for output Virtual6
[    24.253] (II) vmware(0): EDID for output Virtual7
[    24.253] (II) vmware(0): EDID for output Virtual8
[    24.254] (II) vmware(0): Output Virtual1 connected
[    24.254] (II) vmware(0): Output Virtual2 disconnected
[    24.254] (II) vmware(0): Output Virtual3 disconnected
[    24.254] (II) vmware(0): Output Virtual4 disconnected
[    24.254] (II) vmware(0): Output Virtual5 disconnected
[    24.254] (II) vmware(0): Output Virtual6 disconnected
[    24.254] (II) vmware(0): Output Virtual7 disconnected
[    24.254] (II) vmware(0): Output Virtual8 disconnected
[    24.254] (II) vmware(0): Using exact sizes for initial modes
[    24.254] (II) vmware(0): Output Virtual1 using initial mode 800x600 +0+0
[    24.254] (++) vmware(0): DPI set to (96, 96)
[    24.254] (==) vmware(0): Using gamma correction (1.0, 1.0, 1.0)
[    24.254] (II) Loading sub module "fb"
[    24.254] (II) LoadModule: "fb"
[    24.254] (II) Loading /usr/lib64/xorg/modules/libfb.so
[    24.278] (II) Module fb: vendor="X.Org Foundation"
[    24.278] 	compiled for 1.19.3, module version = 1.0.0
[    24.278] 	ABI class: X.Org ANSI C Emulation, version 0.4
[    24.278] (II) Loading sub module "dri2"
[    24.278] (II) LoadModule: "dri2"
[    24.278] (II) Module "dri2" already built-in
[    24.278] (II) UnloadModule: "modesetting"
[    24.278] (II) Unloading modesetting
[    24.278] (II) UnloadModule: "fbdev"
[    24.278] (II) Unloading fbdev
[    24.278] (II) UnloadSubModule: "fbdevhw"
[    24.278] (II) Unloading fbdevhw
[    24.278] (II) UnloadModule: "vesa"
[    24.278] (II) Unloading vesa
[    24.278] (==) Depth 24 pixmap format is 32 bpp
[    24.291] (II) vmware(0): Initialized VMWARE_CTRL extension version 0.2
[    24.354] (WW) vmware(0): Failed to initialize Gallium3D Xa. No render acceleration available.
[    24.354] (WW) vmware(0): Skipped initialization of direct rendering due to lack of render acceleration.
[    24.354] (--) vmware(0): Render acceleration is disabled.
[    24.354] (==) vmware(0): Rendercheck mode is disabled.
[    24.354] (--) vmware(0): Direct rendering (3D) is disabled.
[    24.354] (==) vmware(0): Backing store enabled
[    24.354] (==) vmware(0): Silken mouse enabled
[    24.354] (II) vmware(0): RandR 1.2 enabled, ignore the following RandR disabled message.
[    24.355] (==) vmware(0): DPMS enabled
[    24.355] (II) vmware(0): No 3D acceleration. Not setting up textured video.
[    24.355] (--) RandR disabled
[    24.357] (II) SELinux: Disabled by boolean
[    24.357] (II) AIGLX: Screen 0 is not DRI2 capable
[    24.357] (EE) AIGLX: reverting to software rendering
[    24.874] (II) IGLX: enabled GLX_MESA_copy_sub_buffer
[    24.875] (II) IGLX: Loaded and initialized swrast
[    24.875] (II) GLX: Initialized DRISWRAST GL provider for screen 0
[    24.882] (II) vmware(0): Setting screen physical size to 211 x 158
[    25.159] (II) config/udev: Adding input device Power Button (/dev/input/event0)
[    25.159] (**) Power Button: Applying InputClass "evdev keyboard catchall"
[    25.159] (II) LoadModule: "evdev"
[    25.159] (II) Loading /usr/lib64/xorg/modules/input/evdev_drv.so
[    25.203] (II) Module evdev: vendor="X.Org Foundation"
[    25.203] 	compiled for 1.19.3, module version = 2.10.5
[    25.203] 	Module class: X.Org XInput Driver
[    25.203] 	ABI class: X.Org XInput driver, version 24.1
[    25.203] (II) Using input driver 'evdev' for 'Power Button'
[    25.203] (**) Power Button: always reports core events
[    25.203] (**) evdev: Power Button: Device: "/dev/input/event0"
[    25.203] (--) evdev: Power Button: Vendor 0 Product 0x1
[    25.203] (--) evdev: Power Button: Found keys
[    25.203] (II) evdev: Power Button: Configuring as keyboard
[    25.203] (**) Option "config_info" "udev:/sys/devices/LNXSYSTM:00/LNXPWRBN:00/input/input0/event0"
[    25.203] (II) XINPUT: Adding extended input device "Power Button" (type: KEYBOARD, id 6)
[    25.203] (**) Option "xkb_rules" "evdev"
[    25.205] (II) config/udev: Adding input device AT Translated Set 2 keyboard (/dev/input/event1)
[    25.205] (**) AT Translated Set 2 keyboard: Applying InputClass "evdev keyboard catchall"
[    25.205] (II) Using input driver 'evdev' for 'AT Translated Set 2 keyboard'
[    25.205] (**) AT Translated Set 2 keyboard: always reports core events
[    25.205] (**) evdev: AT Translated Set 2 keyboard: Device: "/dev/input/event1"
[    25.205] (--) evdev: AT Translated Set 2 keyboard: Vendor 0x1 Product 0x1
[    25.205] (--) evdev: AT Translated Set 2 keyboard: Found keys
[    25.205] (II) evdev: AT Translated Set 2 keyboard: Configuring as keyboard
[    25.205] (**) Option "config_info" "udev:/sys/devices/platform/i8042/serio0/input/input1/event1"
[    25.205] (II) XINPUT: Adding extended input device "AT Translated Set 2 keyboard" (type: KEYBOARD, id 7)
[    25.205] (**) Option "xkb_rules" "evdev"
[    25.206] (II) config/udev: Adding input device VirtualPS/2 VMware VMMouse (/dev/input/event2)
[    25.206] (**) VirtualPS/2 VMware VMMouse: Applying InputClass "evdev pointer catchall"
[    25.206] (II) Using input driver 'evdev' for 'VirtualPS/2 VMware VMMouse'
[    25.206] (**) VirtualPS/2 VMware VMMouse: always reports core events
[    25.206] (**) evdev: VirtualPS/2 VMware VMMouse: Device: "/dev/input/event2"
[    25.206] (--) evdev: VirtualPS/2 VMware VMMouse: Vendor 0x2 Product 0x12
[    25.206] (--) evdev: VirtualPS/2 VMware VMMouse: Found 3 mouse buttons
[    25.206] (--) evdev: VirtualPS/2 VMware VMMouse: Found absolute axes
[    25.206] (--) evdev: VirtualPS/2 VMware VMMouse: Found x and y absolute axes
[    25.206] (--) evdev: VirtualPS/2 VMware VMMouse: Found absolute touchscreen
[    25.206] (II) evdev: VirtualPS/2 VMware VMMouse: Configuring as touchscreen
[    25.206] (**) evdev: VirtualPS/2 VMware VMMouse: YAxisMapping: buttons 4 and 5
[    25.206] (**) evdev: VirtualPS/2 VMware VMMouse: EmulateWheelButton: 4, EmulateWheelInertia: 10, EmulateWheelTimeout: 200
[    25.206] (**) Option "config_info" "udev:/sys/devices/platform/i8042/serio1/input/input2/event2"
[    25.206] (II) XINPUT: Adding extended input device "VirtualPS/2 VMware VMMouse" (type: TOUCHSCREEN, id 8)
[    25.206] (II) evdev: VirtualPS/2 VMware VMMouse: initialized for absolute axes.
[    25.207] (**) VirtualPS/2 VMware VMMouse: (accel) keeping acceleration scheme 1
[    25.207] (**) VirtualPS/2 VMware VMMouse: (accel) acceleration profile 0
[    25.207] (**) VirtualPS/2 VMware VMMouse: (accel) acceleration factor: 2.000
[    25.207] (**) VirtualPS/2 VMware VMMouse: (accel) acceleration threshold: 4
[    25.207] (II) config/udev: Adding input device VirtualPS/2 VMware VMMouse (/dev/input/js0)
[    25.207] (II) No input driver specified, ignoring this device.
[    25.207] (II) This device may have been added with another device file.
[    25.207] (II) config/udev: Adding input device VirtualPS/2 VMware VMMouse (/dev/input/mouse0)
[    25.208] (II) No input driver specified, ignoring this device.
[    25.208] (II) This device may have been added with another device file.
[    25.208] (II) config/udev: Adding input device VirtualPS/2 VMware VMMouse (/dev/input/event3)
[    25.208] (**) VirtualPS/2 VMware VMMouse: Applying InputClass "evdev pointer catchall"
[    25.208] (II) Using input driver 'evdev' for 'VirtualPS/2 VMware VMMouse'
[    25.208] (**) VirtualPS/2 VMware VMMouse: always reports core events
[    25.208] (**) evdev: VirtualPS/2 VMware VMMouse: Device: "/dev/input/event3"
[    25.208] (--) evdev: VirtualPS/2 VMware VMMouse: Vendor 0x2 Product 0x12
[    25.208] (--) evdev: VirtualPS/2 VMware VMMouse: Found 3 mouse buttons
[    25.208] (--) evdev: VirtualPS/2 VMware VMMouse: Found scroll wheel(s)
[    25.208] (--) evdev: VirtualPS/2 VMware VMMouse: Found relative axes
[    25.208] (--) evdev: VirtualPS/2 VMware VMMouse: Found x and y relative axes
[    25.208] (II) evdev: VirtualPS/2 VMware VMMouse: Configuring as mouse
[    25.208] (II) evdev: VirtualPS/2 VMware VMMouse: Adding scrollwheel support
[    25.208] (**) evdev: VirtualPS/2 VMware VMMouse: YAxisMapping: buttons 4 and 5
[    25.208] (**) evdev: VirtualPS/2 VMware VMMouse: EmulateWheelButton: 4, EmulateWheelInertia: 10, EmulateWheelTimeout: 200
[    25.208] (**) Option "config_info" "udev:/sys/devices/platform/i8042/serio1/input/input3/event3"
[    25.208] (II) XINPUT: Adding extended input device "VirtualPS/2 VMware VMMouse" (type: MOUSE, id 9)
[    25.208] (II) evdev: VirtualPS/2 VMware VMMouse: initialized for relative axes.
[    25.209] (**) VirtualPS/2 VMware VMMouse: (accel) keeping acceleration scheme 1
[    25.209] (**) VirtualPS/2 VMware VMMouse: (accel) acceleration profile 0
[    25.209] (**) VirtualPS/2 VMware VMMouse: (accel) acceleration factor: 2.000
[    25.209] (**) VirtualPS/2 VMware VMMouse: (accel) acceleration threshold: 4
[    25.209] (II) config/udev: Adding input device VirtualPS/2 VMware VMMouse (/dev/input/mouse1)
[    25.209] (II) No input driver specified, ignoring this device.
[    25.209] (II) This device may have been added with another device file.
[    25.210] (II) config/udev: Adding input device PC Speaker (/dev/input/event4)
[    25.210] (II) No input driver specified, ignoring this device.
[    25.210] (II) This device may have been added with another device file.
