
X.Org X Server 1.19.3
Release Date: 2017-03-15
X Protocol Version 11, Revision 0
Build Operating System:  3.10.0-514.16.1.el7.x86_64 
Current Operating System: Linux openshiftrunner1 3.10.0-693.el7.x86_64 #1 SMP Tue Aug 22 21:09:27 UTC 2017 x86_64
Kernel command line: BOOT_IMAGE=/vmlinuz-3.10.0-693.el7.x86_64 root=/dev/mapper/centos-root ro crashkernel=auto rd.lvm.lv=centos/root rd.lvm.lv=centos/swap rhgb quiet LANG=es_CL.UTF-8
Build Date: 05 August 2017  06:19:43AM
Build ID: xorg-x11-server 1.19.3-11.el7 
Current version of pixman: 0.34.0
	Before reporting problems, check http://wiki.x.org
	to make sure that you have the latest version.
Markers: (--) probed, (**) from config file, (==) default setting,
	(++) from command line, (!!) notice, (II) informational,
	(WW) warning, (EE) error, (NI) not implemented, (??) unknown.
(==) Log file: "/var/log/Xorg.0.log", Time: Fri Oct 29 17:03:46 2021
(==) Using config directory: "/etc/X11/xorg.conf.d"
(==) Using system config directory "/usr/share/X11/xorg.conf.d"
(==) No Layout section.  Using the first Screen section.
(==) No screen section available. Using defaults.
(**) |-->Screen "Default Screen Section" (0)
(**) |   |-->Monitor "<default monitor>"
(==) No monitor specified for screen "Default Screen Section".
	Using a default monitor configuration.
(==) Automatically adding devices
(==) Automatically enabling devices
(==) Automatically adding GPU devices
(==) Automatically binding GPU devices
(==) Max clients allowed: 256, resource mask: 0x1fffff
(==) FontPath set to:
	catalogue:/etc/X11/fontpath.d,
	built-ins
(==) ModulePath set to "/usr/lib64/xorg/modules"
(II) The server relies on udev to provide the list of input devices.
	If no devices become available, reconfigure udev or disable AutoAddDevices.
(II) xfree86: Adding drm device (/dev/dri/card0)
(--) PCI:*(0:0:15:0) 15ad:0405:15ad:0405 rev 0, Mem @ 0xe8000000/134217728, 0xfe000000/8388608, I/O @ 0x00001070/16, BIOS @ 0x????????/32768
(II) Loading /usr/lib64/xorg/modules/extensions/libglx.so
(II) Module glx: vendor="X.Org Foundation"
	compiled for 1.19.3, module version = 1.0.0
(==) Matched vmware as autoconfigured driver 0
(==) Matched vmware as autoconfigured driver 1
(==) Matched modesetting as autoconfigured driver 2
(==) Matched fbdev as autoconfigured driver 3
(==) Matched vesa as autoconfigured driver 4
(==) Assigned the driver to the xf86ConfigLayout
(II) Loading /usr/lib64/xorg/modules/drivers/vmware_drv.so
(II) Module vmware: vendor="X.Org Foundation"
	compiled for 1.19.3, module version = 13.2.1
(II) Loading /usr/lib64/xorg/modules/drivers/modesetting_drv.so
(II) Module modesetting: vendor="X.Org Foundation"
	compiled for 1.19.3, module version = 1.19.3
(II) Loading /usr/lib64/xorg/modules/drivers/fbdev_drv.so
(II) Module fbdev: vendor="X.Org Foundation"
	compiled for 1.19.3, module version = 0.4.3
(II) Loading /usr/lib64/xorg/modules/drivers/vesa_drv.so
(II) Module vesa: vendor="X.Org Foundation"
	compiled for 1.19.3, module version = 2.3.2
(II) vmware: driver for VMware SVGA: vmware0405, vmware0710
(II) modesetting: Driver for Modesetting Kernel Drivers: kms
(II) FBDEV: driver for framebuffer: fbdev
(II) VESA: driver for VESA chipsets: vesa
(++) using VT number 1

(WW) Falling back to old probe method for modesetting
(WW) Falling back to old probe method for fbdev
(II) Loading /usr/lib64/xorg/modules/libfbdevhw.so
(II) Module fbdevhw: vendor="X.Org Foundation"
	compiled for 1.19.3, module version = 0.0.2
(WW) Falling back to old probe method for vesa
(II) vmware(0): Creating default Display subsection in Screen section
	"Default Screen Section" for depth/fbbpp 24/32
(--) vmware(0): DRM driver version is 2.12.0
(==) vmware(0): Depth 24, (--) framebuffer bpp 32
(==) vmware(0): RGB weight 888
(==) vmware(0): Default visual is TrueColor
(--) vmware(0): Min width 1, Max Width 4096.
(--) vmware(0): Min height 1, Max Height 4096.
(II) vmware(0): Output Virtual1 has no monitor section
(II) vmware(0): Output Virtual2 has no monitor section
(II) vmware(0): Output Virtual3 has no monitor section
(II) vmware(0): Output Virtual4 has no monitor section
(II) vmware(0): Output Virtual5 has no monitor section
(II) vmware(0): Output Virtual6 has no monitor section
(II) vmware(0): Output Virtual7 has no monitor section
(II) vmware(0): Output Virtual8 has no monitor section
(II) vmware(0): Printing probed modes for output Virtual1
(II) vmware(0): Modeline "800x600"x60.0   42.75  800 850 900 950  600 650 700 750 -hsync +vsync (45.0 kHz eP)
(II) vmware(0): Modeline "1360x768"x60.0   85.50  1360 1424 1536 1792  768 771 777 795 +hsync +vsync (47.7 kHz e)
(II) vmware(0): Modeline "1280x800"x59.8   83.50  1280 1352 1480 1680  800 803 809 831 +hsync -vsync (49.7 kHz e)
(II) vmware(0): Modeline "1152x864"x75.0  108.00  1152 1216 1344 1600  864 865 868 900 +hsync +vsync (67.5 kHz e)
(II) vmware(0): Modeline "1280x768"x59.9   79.50  1280 1344 1472 1664  768 771 778 798 -hsync +vsync (47.8 kHz e)
(II) vmware(0): Modeline "1024x768"x60.0   65.00  1024 1048 1184 1344  768 771 777 806 -hsync -vsync (48.4 kHz e)
(II) vmware(0): Modeline "800x600"x60.3   40.00  800 840 968 1056  600 601 605 628 +hsync +vsync (37.9 kHz e)
(II) vmware(0): Modeline "640x480"x59.9   25.18  640 656 752 800  480 489 492 525 -hsync -vsync (31.5 kHz e)
(II) vmware(0): EDID for output Virtual2
(II) vmware(0): EDID for output Virtual3
(II) vmware(0): EDID for output Virtual4
(II) vmware(0): EDID for output Virtual5
(II) vmware(0): EDID for output Virtual6
(II) vmware(0): EDID for output Virtual7
(II) vmware(0): EDID for output Virtual8
(II) vmware(0): Output Virtual1 connected
(II) vmware(0): Output Virtual2 disconnected
(II) vmware(0): Output Virtual3 disconnected
(II) vmware(0): Output Virtual4 disconnected
(II) vmware(0): Output Virtual5 disconnected
(II) vmware(0): Output Virtual6 disconnected
(II) vmware(0): Output Virtual7 disconnected
(II) vmware(0): Output Virtual8 disconnected
(II) vmware(0): Using exact sizes for initial modes
(II) vmware(0): Output Virtual1 using initial mode 800x600 +0+0
(==) vmware(0): DPI set to (96, 96)
(==) vmware(0): Using gamma correction (1.0, 1.0, 1.0)
(II) Loading /usr/lib64/xorg/modules/libfb.so
(II) Module fb: vendor="X.Org Foundation"
	compiled for 1.19.3, module version = 1.0.0
(II) Unloading modesetting
(II) Unloading fbdev
(II) Unloading fbdevhw
(II) Unloading vesa
(==) Depth 24 pixmap format is 32 bpp
(II) vmware(0): Initialized VMWARE_CTRL extension version 0.2
VMware: No 3D enabled (0, Success).
(WW) vmware(0): Failed to initialize Gallium3D Xa. No render acceleration available.
(WW) vmware(0): Skipped initialization of direct rendering due to lack of render acceleration.
(--) vmware(0): Render acceleration is disabled.
(==) vmware(0): Rendercheck mode is disabled.
(--) vmware(0): Direct rendering (3D) is disabled.
(==) vmware(0): Backing store enabled
(==) vmware(0): Silken mouse enabled
(II) vmware(0): RandR 1.2 enabled, ignore the following RandR disabled message.
(==) vmware(0): DPMS enabled
(II) vmware(0): No 3D acceleration. Not setting up textured video.
(--) RandR disabled
(II) SELinux: Disabled by boolean
(II) AIGLX: Screen 0 is not DRI2 capable
(EE) AIGLX: reverting to software rendering
(II) IGLX: enabled GLX_MESA_copy_sub_buffer
(II) IGLX: Loaded and initialized swrast
(II) GLX: Initialized DRISWRAST GL provider for screen 0
(II) vmware(0): Setting screen physical size to 211 x 158
(II) config/udev: Adding input device Power Button (/dev/input/event0)
(**) Power Button: Applying InputClass "evdev keyboard catchall"
(**) Power Button: Applying InputClass "system-keyboard"
(II) Loading /usr/lib64/xorg/modules/input/evdev_drv.so
(II) Module evdev: vendor="X.Org Foundation"
	compiled for 1.19.3, module version = 2.10.5
(II) Using input driver 'evdev' for 'Power Button'
(**) Power Button: always reports core events
(**) evdev: Power Button: Device: "/dev/input/event0"
(--) evdev: Power Button: Vendor 0 Product 0x1
(--) evdev: Power Button: Found keys
(II) evdev: Power Button: Configuring as keyboard
(II) XINPUT: Adding extended input device "Power Button" (type: KEYBOARD, id 6)
The XKEYBOARD keymap compiler (xkbcomp) reports:
> Warning:          Type "ONE_LEVEL" has 1 levels, but <RALT> has 2 symbols
>                   Ignoring extra symbols
Errors from xkbcomp are not fatal to the X server
(II) config/udev: Adding input device AT Translated Set 2 keyboard (/dev/input/event1)
(**) AT Translated Set 2 keyboard: Applying InputClass "evdev keyboard catchall"
(**) AT Translated Set 2 keyboard: Applying InputClass "system-keyboard"
(II) Using input driver 'evdev' for 'AT Translated Set 2 keyboard'
(**) AT Translated Set 2 keyboard: always reports core events
(**) evdev: AT Translated Set 2 keyboard: Device: "/dev/input/event1"
(--) evdev: AT Translated Set 2 keyboard: Vendor 0x1 Product 0x1
(--) evdev: AT Translated Set 2 keyboard: Found keys
(II) evdev: AT Translated Set 2 keyboard: Configuring as keyboard
(II) XINPUT: Adding extended input device "AT Translated Set 2 keyboard" (type: KEYBOARD, id 7)
(II) config/udev: Adding input device VirtualPS/2 VMware VMMouse (/dev/input/event2)
(**) VirtualPS/2 VMware VMMouse: Applying InputClass "evdev pointer catchall"
(II) Using input driver 'evdev' for 'VirtualPS/2 VMware VMMouse'
(**) VirtualPS/2 VMware VMMouse: always reports core events
(**) evdev: VirtualPS/2 VMware VMMouse: Device: "/dev/input/event2"
(--) evdev: VirtualPS/2 VMware VMMouse: Vendor 0x2 Product 0x12
(--) evdev: VirtualPS/2 VMware VMMouse: Found 3 mouse buttons
(--) evdev: VirtualPS/2 VMware VMMouse: Found absolute axes
(--) evdev: VirtualPS/2 VMware VMMouse: Found x and y absolute axes
(--) evdev: VirtualPS/2 VMware VMMouse: Found absolute touchscreen
(II) evdev: VirtualPS/2 VMware VMMouse: Configuring as touchscreen
(**) evdev: VirtualPS/2 VMware VMMouse: YAxisMapping: buttons 4 and 5
(**) evdev: VirtualPS/2 VMware VMMouse: EmulateWheelButton: 4, EmulateWheelInertia: 10, EmulateWheelTimeout: 200
(II) XINPUT: Adding extended input device "VirtualPS/2 VMware VMMouse" (type: TOUCHSCREEN, id 8)
(II) evdev: VirtualPS/2 VMware VMMouse: initialized for absolute axes.
(**) VirtualPS/2 VMware VMMouse: (accel) keeping acceleration scheme 1
(**) VirtualPS/2 VMware VMMouse: (accel) acceleration profile 0
(**) VirtualPS/2 VMware VMMouse: (accel) acceleration factor: 2.000
(**) VirtualPS/2 VMware VMMouse: (accel) acceleration threshold: 4
(II) config/udev: Adding input device VirtualPS/2 VMware VMMouse (/dev/input/js0)
(II) No input driver specified, ignoring this device.
(II) This device may have been added with another device file.
(II) config/udev: Adding input device VirtualPS/2 VMware VMMouse (/dev/input/mouse0)
(II) No input driver specified, ignoring this device.
(II) This device may have been added with another device file.
(II) config/udev: Adding input device VirtualPS/2 VMware VMMouse (/dev/input/event3)
(**) VirtualPS/2 VMware VMMouse: Applying InputClass "evdev pointer catchall"
(II) Using input driver 'evdev' for 'VirtualPS/2 VMware VMMouse'
(**) VirtualPS/2 VMware VMMouse: always reports core events
(**) evdev: VirtualPS/2 VMware VMMouse: Device: "/dev/input/event3"
(--) evdev: VirtualPS/2 VMware VMMouse: Vendor 0x2 Product 0x12
(--) evdev: VirtualPS/2 VMware VMMouse: Found 3 mouse buttons
(--) evdev: VirtualPS/2 VMware VMMouse: Found scroll wheel(s)
(--) evdev: VirtualPS/2 VMware VMMouse: Found relative axes
(--) evdev: VirtualPS/2 VMware VMMouse: Found x and y relative axes
(II) evdev: VirtualPS/2 VMware VMMouse: Configuring as mouse
(II) evdev: VirtualPS/2 VMware VMMouse: Adding scrollwheel support
(**) evdev: VirtualPS/2 VMware VMMouse: YAxisMapping: buttons 4 and 5
(**) evdev: VirtualPS/2 VMware VMMouse: EmulateWheelButton: 4, EmulateWheelInertia: 10, EmulateWheelTimeout: 200
(II) XINPUT: Adding extended input device "VirtualPS/2 VMware VMMouse" (type: MOUSE, id 9)
(II) evdev: VirtualPS/2 VMware VMMouse: initialized for relative axes.
(**) VirtualPS/2 VMware VMMouse: (accel) keeping acceleration scheme 1
(**) VirtualPS/2 VMware VMMouse: (accel) acceleration profile 0
(**) VirtualPS/2 VMware VMMouse: (accel) acceleration factor: 2.000
(**) VirtualPS/2 VMware VMMouse: (accel) acceleration threshold: 4
(II) config/udev: Adding input device VirtualPS/2 VMware VMMouse (/dev/input/mouse1)
(II) No input driver specified, ignoring this device.
(II) This device may have been added with another device file.
(II) config/udev: Adding input device PC Speaker (/dev/input/event4)
(II) No input driver specified, ignoring this device.
(II) This device may have been added with another device file.
AUDIT: Fri Oct 29 17:03:48 2021: 1515: client 1 connected from local host ( uid=0 gid=0 pid=1621 )
  Auth name: MIT-MAGIC-COOKIE-1 ID: 643
AUDIT: Fri Oct 29 17:03:48 2021: 1515: client 1 disconnected
AUDIT: Fri Oct 29 17:03:48 2021: 1515: client 1 connected from local host ( uid=0 gid=0 pid=1623 )
  Auth name: MIT-MAGIC-COOKIE-1 ID: 643
AUDIT: Fri Oct 29 17:03:48 2021: 1515: client 1 disconnected
AUDIT: Fri Oct 29 17:03:48 2021: 1515: client 1 connected from local host ( uid=0 gid=0 pid=1126 )
  Auth name: MIT-MAGIC-COOKIE-1 ID: 643
AUDIT: Fri Oct 29 17:03:49 2021: 1515: client 2 connected from local host ( uid=42 gid=42 pid=1636 )
  Auth name: MIT-MAGIC-COOKIE-1 ID: 643
AUDIT: Fri Oct 29 17:03:49 2021: 1515: client 3 connected from local host ( uid=42 gid=42 pid=1640 )
  Auth name: MIT-MAGIC-COOKIE-1 ID: 643
AUDIT: Fri Oct 29 17:03:49 2021: 1515: client 4 connected from local host ( uid=42 gid=42 pid=1654 )
  Auth name: MIT-MAGIC-COOKIE-1 ID: 643
AUDIT: Fri Oct 29 17:03:50 2021: 1515: client 5 connected from local host ( uid=42 gid=42 pid=1659 )
  Auth name: MIT-MAGIC-COOKIE-1 ID: 643
AUDIT: Fri Oct 29 17:03:50 2021: 1515: client 6 connected from local host ( uid=42 gid=42 pid=1659 )
  Auth name: MIT-MAGIC-COOKIE-1 ID: 643
AUDIT: Fri Oct 29 17:03:50 2021: 1515: client 6 disconnected
AUDIT: Fri Oct 29 17:03:50 2021: 1515: client 6 connected from local host ( uid=42 gid=42 pid=1690 )
  Auth name: MIT-MAGIC-COOKIE-1 ID: 643
AUDIT: Fri Oct 29 17:03:50 2021: 1515: client 6 disconnected
AUDIT: Fri Oct 29 17:03:50 2021: 1515: client 6 connected from local host ( uid=42 gid=42 pid=1690 )
  Auth name: MIT-MAGIC-COOKIE-1 ID: 643
AUDIT: Fri Oct 29 17:03:50 2021: 1515: client 6 disconnected
AUDIT: Fri Oct 29 17:03:50 2021: 1515: client 6 connected from local host ( uid=42 gid=42 pid=1714 )
  Auth name: MIT-MAGIC-COOKIE-1 ID: 643
AUDIT: Fri Oct 29 17:03:50 2021: 1515: client 7 connected from local host ( uid=42 gid=42 pid=1717 )
  Auth name: MIT-MAGIC-COOKIE-1 ID: 643
AUDIT: Fri Oct 29 17:03:50 2021: 1515: client 6 disconnected
AUDIT: Fri Oct 29 17:03:50 2021: 1515: client 6 connected from local host ( uid=42 gid=42 pid=1714 )
  Auth name: MIT-MAGIC-COOKIE-1 ID: 643
AUDIT: Fri Oct 29 17:03:50 2021: 1515: client 7 disconnected
AUDIT: Fri Oct 29 17:03:50 2021: 1515: client 5 disconnected
AUDIT: Fri Oct 29 17:03:52 2021: 1515: client 5 connected from local host ( uid=42 gid=42 pid=1742 )
  Auth name: MIT-MAGIC-COOKIE-1 ID: 643
AUDIT: Fri Oct 29 17:03:52 2021: 1515: client 5 disconnected
AUDIT: Fri Oct 29 17:03:52 2021: 1515: client 5 connected from local host ( uid=42 gid=42 pid=1742 )
  Auth name: MIT-MAGIC-COOKIE-1 ID: 643
AUDIT: Fri Oct 29 17:03:53 2021: 1515: client 7 connected from local host ( uid=42 gid=42 pid=1742 )
  Auth name: MIT-MAGIC-COOKIE-1 ID: 643
AUDIT: Fri Oct 29 17:03:53 2021: 1515: client 8 connected from local host ( uid=42 gid=42 pid=1742 )
  Auth name: MIT-MAGIC-COOKIE-1 ID: 643
AUDIT: Fri Oct 29 17:03:53 2021: 1515: client 8 disconnected
AUDIT: Fri Oct 29 17:03:53 2021: 1515: client 8 connected from local host ( uid=42 gid=42 pid=1742 )
  Auth name: MIT-MAGIC-COOKIE-1 ID: 643
AUDIT: Fri Oct 29 17:03:53 2021: 1515: client 8 disconnected
AUDIT: Fri Oct 29 17:03:53 2021: 1515: client 8 connected from local host ( uid=42 gid=42 pid=1851 )
  Auth name: MIT-MAGIC-COOKIE-1 ID: 643
AUDIT: Fri Oct 29 17:03:53 2021: 1515: client 8 disconnected
AUDIT: Fri Oct 29 17:03:57 2021: 1515: client 8 connected from local host ( uid=42 gid=42 pid=2034 )
  Auth name: MIT-MAGIC-COOKIE-1 ID: 643
AUDIT: Fri Oct 29 17:03:57 2021: 1515: client 9 connected from local host ( uid=42 gid=42 pid=1742 )
  Auth name: MIT-MAGIC-COOKIE-1 ID: 643
AUDIT: Fri Oct 29 17:03:57 2021: 1515: client 9 disconnected
AUDIT: Fri Oct 29 17:03:58 2021: 1515: client 9 connected from local host ( uid=42 gid=42 pid=2065 )
  Auth name: MIT-MAGIC-COOKIE-1 ID: 643
AUDIT: Fri Oct 29 17:03:58 2021: 1515: client 10 connected from local host ( uid=42 gid=42 pid=2065 )
  Auth name: MIT-MAGIC-COOKIE-1 ID: 643
AUDIT: Fri Oct 29 17:03:58 2021: 1515: client 10 disconnected
The XKEYBOARD keymap compiler (xkbcomp) reports:
> Warning:          Type "ONE_LEVEL" has 1 levels, but <RALT> has 2 symbols
>                   Ignoring extra symbols
Errors from xkbcomp are not fatal to the X server
AUDIT: Fri Oct 29 17:03:58 2021: 1515: client 10 connected from local host ( uid=42 gid=42 pid=2065 )
  Auth name: MIT-MAGIC-COOKIE-1 ID: 643
AUDIT: Fri Oct 29 17:03:58 2021: 1515: client 10 disconnected
AUDIT: Fri Oct 29 17:03:59 2021: 1515: client 10 connected from local host ( uid=42 gid=42 pid=2065 )
  Auth name: MIT-MAGIC-COOKIE-1 ID: 643
AUDIT: Fri Oct 29 17:03:59 2021: 1515: client 10 disconnected
AUDIT: Fri Oct 29 17:03:59 2021: 1515: client 10 connected from local host ( uid=42 gid=42 pid=2034 )
  Auth name: MIT-MAGIC-COOKIE-1 ID: 643
AUDIT: Fri Oct 29 17:03:59 2021: 1515: client 10 disconnected
The XKEYBOARD keymap compiler (xkbcomp) reports:
> Warning:          Type "ONE_LEVEL" has 1 levels, but <RALT> has 2 symbols
>                   Ignoring extra symbols
Errors from xkbcomp are not fatal to the X server
AUDIT: Fri Oct 29 17:03:59 2021: 1515: client 10 connected from local host ( uid=42 gid=42 pid=2065 )
  Auth name: MIT-MAGIC-COOKIE-1 ID: 643
AUDIT: Fri Oct 29 17:03:59 2021: 1515: client 10 disconnected
